[dotenv@17.2.3] injecting env (7) from .env.local -- tip: ??儭?backup and recover secrets: https://dotenvx.com/ops
--- Environment Check ---
NEXT_PUBLIC_SUPABASE_URL: PRESENT
NEXT_PUBLIC_SUPABASE_ANON_KEY: PRESENT
SUPABASE_SERVICE_KEY: PRESENT
-------------------------
Seeding Cities...
Seeded city tokyo_core
Seeded city tokyo_buffer
Seeding Nodes (v3.0)...
Attempting upsert for odpt:Station:TokyoMetro.Ueno...
Response Status: 400 Bad Request
Attempting upsert for odpt:Station:JR-East.Akihabara...
Error seeding node odpt:Station:TokyoMetro.Ueno: {
  "code": "PGRST204",
  "details": null,
  "hint": null,
  "message": "Could not find the 'is_hub' column of 'nodes' in the schema cache"
}
Response Status: 400 Bad Request
Error seeding node odpt:Station:JR-East.Akihabara: {
  "code": "PGRST204",
  "details": null,
  "hint": null,
  "message": "Could not find the 'is_hub' column of 'nodes' in the schema cache"
}
Attempting upsert for odpt:Station:JR-East.Tokyo...
Response Status: 400 Bad Request
Error seeding node odpt:Station:JR-East.Tokyo: {
  "code": "PGRST204",
  "details": null,
  "hint": null,
  "message": "Could not find the 'is_hub' column of 'nodes' in the schema cache"
}
Attempting upsert for odpt:Station:TokyoMetro.Ginza...
Response Status: 400 Bad Request
Error seeding node odpt:Station:TokyoMetro.Ginza: {
  "code": "PGRST204",
  "details": null,
  "hint": null,
  "message": "Could not find the 'is_hub' column of 'nodes' in the schema cache"
}
Attempting upsert for odpt:Station:TokyoMetro.Kyobashi...
Response Status: 400 Bad Request
Error seeding node odpt:Station:TokyoMetro.Kyobashi: {
  "code": "PGRST204",
  "details": null,
  "hint": null,
  "message": "Could not find the 'is_hub' column of 'nodes' in the schema cache"
}
Attempting upsert for odpt:Station:TokyoMetro.Mitsukoshimae...
Response Status: 400 Bad Request
Error seeding node odpt:Station:TokyoMetro.Mitsukoshimae: {
  "code": "PGRST204",
  "details": null,
  "hint": null,
  "message": "Could not find the 'is_hub' column of 'nodes' in the schema cache"
}
Attempting upsert for odpt:Station:TokyoMetro.Kayabacho...
Response Status: 400 Bad Request
Error seeding node odpt:Station:TokyoMetro.Kayabacho: {
  "code": "PGRST204",
  "details": null,
  "hint": null,
  "message": "Could not find the 'is_hub' column of 'nodes' in the schema cache"
}
Attempting upsert for odpt:Station:JR-East.Hatchobori...
Response Status: 400 Bad Request
Error seeding node odpt:Station:JR-East.Hatchobori: {
  "code": "PGRST204",
  "details": null,
  "hint": null,
  "message": "Could not find the 'is_hub' column of 'nodes' in the schema cache"
}
Attempting upsert for odpt:Station:JR-East.Kanda...
Response Status: 400 Bad Request
Error seeding node odpt:Station:JR-East.Kanda: {
  "code": "PGRST204",
  "details": null,
  "hint": null,
  "message": "Could not find the 'is_hub' column of 'nodes' in the schema cache"
}
Attempting upsert for odpt:Station:Toei.HigashiGinza...
Response Status: 400 Bad Request
Error seeding node odpt:Station:Toei.HigashiGinza: {
  "code": "PGRST204",
  "details": null,
  "hint": null,
  "message": "Could not find the 'is_hub' column of 'nodes' in the schema cache"
}
Attempting upsert for odpt:Station:Toei.Nihombashi...
Response Status: 400 Bad Request
Error seeding node odpt:Station:Toei.Nihombashi: {
  "code": "PGRST204",
  "details": null,
  "hint": null,
  "message": "Could not find the 'is_hub' column of 'nodes' in the schema cache"
}
Attempting upsert for odpt:Station:Toei.Ningyocho...
Response Status: 400 Bad Request
Error seeding node odpt:Station:Toei.Ningyocho: {
  "code": "PGRST204",
  "details": null,
  "hint": null,
  "message": "Could not find the 'is_hub' column of 'nodes' in the schema cache"
}
Attempting upsert for odpt:Station:Toei.HigashiNihombashi...
Response Status: 400 Bad Request
Error seeding node odpt:Station:Toei.HigashiNihombashi: {
  "code": "PGRST204",
  "details": null,
  "hint": null,
  "message": "Could not find the 'is_hub' column of 'nodes' in the schema cache"
}
Attempting upsert for odpt:Station:TokyoMetro.Asakusa...
Response Status: 400 Bad Request
Error seeding node odpt:Station:TokyoMetro.Asakusa: {
  "code": "PGRST204",
  "details": null,
  "hint": null,
  "message": "Could not find the 'is_hub' column of 'nodes' in the schema cache"
}
Attempting upsert for odpt:Station:Toei.Kuramae...
Response Status: 400 Bad Request
Error seeding node odpt:Station:Toei.Kuramae: {
  "code": "PGRST204",
  "details": null,
  "hint": null,
  "message": "Could not find the 'is_hub' column of 'nodes' in the schema cache"
}
Attempting upsert for odpt:Station:JR-East.Okachimachi...
Response Status: 400 Bad Request
Error seeding node odpt:Station:JR-East.Okachimachi: {
  "code": "PGRST204",
  "details": null,
  "hint": null,
  "message": "Could not find the 'is_hub' column of 'nodes' in the schema cache"
}
Attempting upsert for odpt:Station:JR-East.Uguisudani...
Response Status: 400 Bad Request
Error seeding node odpt:Station:JR-East.Uguisudani: {
  "code": "PGRST204",
  "details": null,
  "hint": null,
  "message": "Could not find the 'is_hub' column of 'nodes' in the schema cache"
}
Attempting upsert for odpt:Station:Toei.Asakusabashi...
Response Status: 400 Bad Request
Error seeding node odpt:Station:Toei.Asakusabashi: {
  "code": "PGRST204",
  "details": null,
  "hint": null,
  "message": "Could not find the 'is_hub' column of 'nodes' in the schema cache"
}
Attempting upsert for odpt:Station:TokyoMetro.Tawaramachi...
Response Status: 400 Bad Request
Error seeding node odpt:Station:TokyoMetro.Tawaramachi: {
  "code": "PGRST204",
  "details": null,
  "hint": null,
  "message": "Could not find the 'is_hub' column of 'nodes' in the schema cache"
}
Attempting upsert for odpt:Station:TokyoMetro.Iriya...
Response Status: 400 Bad Request
Error seeding node odpt:Station:TokyoMetro.Iriya: {
  "code": "PGRST204",
  "details": null,
  "hint": null,
  "message": "Could not find the 'is_hub' column of 'nodes' in the schema cache"
}
Attempting upsert for odpt:Station:TokyoMetro.Inaricho...
Response Status: 400 Bad Request
Error seeding node odpt:Station:TokyoMetro.Inaricho: {
  "code": "PGRST204",
  "details": null,
  "hint": null,
  "message": "Could not find the 'is_hub' column of 'nodes' in the schema cache"
}
Attempting upsert for odpt:Station:TokyoMetro.Minowa...
Response Status: 400 Bad Request
Error seeding node odpt:Station:TokyoMetro.Minowa: {
  "code": "PGRST204",
  "details": null,
  "hint": null,
  "message": "Could not find the 'is_hub' column of 'nodes' in the schema cache"
}
Attempting upsert for odpt:Station:Toei.ShinOkachimachi...
Response Status: 400 Bad Request
Error seeding node odpt:Station:Toei.ShinOkachimachi: {
  "code": "PGRST204",
  "details": null,
  "hint": null,
  "message": "Could not find the 'is_hub' column of 'nodes' in the schema cache"
}
Attempting upsert for odpt:Station:TokyoMetro.Yushima...
Response Status: 400 Bad Request
Error seeding node odpt:Station:TokyoMetro.Yushima: {
  "code": "PGRST204",
  "details": null,
  "hint": null,
  "message": "Could not find the 'is_hub' column of 'nodes' in the schema cache"
}
Attempting upsert for odpt:Station:TokyoMetro.Tsukiji...
Response Status: 400 Bad Request
Error seeding node odpt:Station:TokyoMetro.Tsukiji: {
  "code": "PGRST204",
  "details": null,
  "hint": null,
  "message": "Could not find the 'is_hub' column of 'nodes' in the schema cache"
}
Attempting upsert for odpt:Station:TokyoMetro.Ochanomizu...
Response Status: 400 Bad Request
Error seeding node odpt:Station:TokyoMetro.Ochanomizu: {
  "code": "PGRST204",
  "details": null,
  "hint": null,
  "message": "Could not find the 'is_hub' column of 'nodes' in the schema cache"
}
Attempting upsert for odpt:Station:TokyoMetro.Kasumigaseki...
Response Status: 400 Bad Request
Error seeding node odpt:Station:TokyoMetro.Kasumigaseki: {
  "code": "PGRST204",
  "details": null,
  "hint": null,
  "message": "Could not find the 'is_hub' column of 'nodes' in the schema cache"
}
Attempting upsert for odpt:Station:TokyoMetro.Iidabashi...
Response Status: 400 Bad Request
Error seeding node odpt:Station:TokyoMetro.Iidabashi: {
  "code": "PGRST204",
  "details": null,
  "hint": null,
  "message": "Could not find the 'is_hub' column of 'nodes' in the schema cache"
}
Attempting upsert for odpt:Station:TokyoMetro.Hibiya...
Response Status: 400 Bad Request
Error seeding node odpt:Station:TokyoMetro.Hibiya: {
  "code": "PGRST204",
  "details": null,
  "hint": null,
  "message": "Could not find the 'is_hub' column of 'nodes' in the schema cache"
}
Attempting upsert for odpt:Station:TokyoMetro.Otemachi...
Response Status: 400 Bad Request
Error seeding node odpt:Station:TokyoMetro.Otemachi: {
  "code": "PGRST204",
  "details": null,
  "hint": null,
  "message": "Could not find the 'is_hub' column of 'nodes' in the schema cache"
}
Attempting upsert for odpt:Station:Toei.UenoOkachimachi...
Response Status: 400 Bad Request
Error seeding node odpt:Station:Toei.UenoOkachimachi: {
  "code": "PGRST204",
  "details": null,
  "hint": null,
  "message": "Could not find the 'is_hub' column of 'nodes' in the schema cache"
}
Attempting upsert for odpt:Station:TokyoMetro.Shimbashi...
Response Status: 400 Bad Request
Error seeding node odpt:Station:TokyoMetro.Shimbashi: {
  "code": "PGRST204",
  "details": null,
  "hint": null,
  "message": "Could not find the 'is_hub' column of 'nodes' in the schema cache"
}
Attempting upsert for odpt:Station:TokyoMetro.Roppongi...
Response Status: 400 Bad Request
Error seeding node odpt:Station:TokyoMetro.Roppongi: {
  "code": "PGRST204",
  "details": null,
  "hint": null,
  "message": "Could not find the 'is_hub' column of 'nodes' in the schema cache"
}
Attempting upsert for odpt:Station:Toei.Daimon...
Response Status: 400 Bad Request
Error seeding node odpt:Station:Toei.Daimon: {
  "code": "PGRST204",
  "details": null,
  "hint": null,
  "message": "Could not find the 'is_hub' column of 'nodes' in the schema cache"
}
Attempting upsert for odpt:Station:JR-East.Hamamatsucho...
Response Status: 400 Bad Request
Error seeding node odpt:Station:JR-East.Hamamatsucho: {
  "code": "PGRST204",
  "details": null,
  "hint": null,
  "message": "Could not find the 'is_hub' column of 'nodes' in the schema cache"
}
Attempting upsert for odpt:Station:TokyoMetro.Omotesando...
Response Status: 400 Bad Request
Error seeding node odpt:Station:TokyoMetro.Omotesando: {
  "code": "PGRST204",
  "details": null,
  "hint": null,
  "message": "Could not find the 'is_hub' column of 'nodes' in the schema cache"
}
Attempting upsert for odpt:Station:TokyoMetro.Hiroo...
Response Status: 400 Bad Request
Error seeding node odpt:Station:TokyoMetro.Hiroo: {
  "code": "PGRST204",
  "details": null,
  "hint": null,
  "message": "Could not find the 'is_hub' column of 'nodes' in the schema cache"
}
Attempting upsert for odpt:Station:TokyoMetro.Akasakamitsuke...
Response Status: 400 Bad Request
Error seeding node odpt:Station:TokyoMetro.Akasakamitsuke: {
  "code": "PGRST204",
  "details": null,
  "hint": null,
  "message": "Could not find the 'is_hub' column of 'nodes' in the schema cache"
}
Attempting upsert for odpt:Station:Toei.Asakusa...
Response Status: 400 Bad Request
Error seeding node odpt:Station:Toei.Asakusa: {
  "code": "PGRST204",
  "details": null,
  "hint": null,
  "message": "Could not find the 'is_hub' column of 'nodes' in the schema cache"
}
Attempting upsert for odpt:Station:Toei.Takaracho...
Response Status: 400 Bad Request
Error seeding node odpt:Station:Toei.Takaracho: {
  "code": "PGRST204",
  "details": null,
  "hint": null,
  "message": "Could not find the 'is_hub' column of 'nodes' in the schema cache"
}
Attempting upsert for odpt:Station:Toei.HigashiNihombashi...
Response Status: 400 Bad Request
Error seeding node odpt:Station:Toei.HigashiNihombashi: {
  "code": "PGRST204",
  "details": null,
  "hint": null,
  "message": "Could not find the 'is_hub' column of 'nodes' in the schema cache"
}
Attempting upsert for odpt:Station:Toei.Kachidoki...
Response Status: 400 Bad Request
Error seeding node odpt:Station:Toei.Kachidoki: {
  "code": "PGRST204",
  "details": null,
  "hint": null,
  "message": "Could not find the 'is_hub' column of 'nodes' in the schema cache"
}
Attempting upsert for odpt:Station:Toei.Tsukishima...
Response Status: 400 Bad Request
Error seeding node odpt:Station:Toei.Tsukishima: {
  "code": "PGRST204",
  "details": null,
  "hint": null,
  "message": "Could not find the 'is_hub' column of 'nodes' in the schema cache"
}
Attempting upsert for odpt:Station:Toei.Tsukijishijo...
Response Status: 400 Bad Request
Error seeding node odpt:Station:Toei.Tsukijishijo: {
  "code": "PGRST204",
  "details": null,
  "hint": null,
  "message": "Could not find the 'is_hub' column of 'nodes' in the schema cache"
}
Attempting upsert for odpt:Station:Toei.BakuroYokoyama...
Response Status: 400 Bad Request
Error seeding node odpt:Station:Toei.BakuroYokoyama: {
  "code": "PGRST204",
  "details": null,
  "hint": null,
  "message": "Could not find the 'is_hub' column of 'nodes' in the schema cache"
}
Attempting upsert for odpt:Station:Toei.Hamacho...
Error seeding node odpt:Station:Toei.Hamacho: {
Response Status: 400 Bad Request
  "code": "PGRST204",
  "details": null,
  "hint": null,
  "message": "Could not find the 'is_hub' column of 'nodes' in the schema cache"
}
Attempting upsert for odpt:Station:Toei.Jimbocho...
Response Status: 400 Bad Request
Error seeding node odpt:Station:Toei.Jimbocho: {
  "code": "PGRST204",
  "details": null,
  "hint": null,
  "message": "Could not find the 'is_hub' column of 'nodes' in the schema cache"
}
Attempting upsert for odpt:Station:Toei.Ogawamachi...
Response Status: 400 Bad Request
Error seeding node odpt:Station:Toei.Ogawamachi: {
  "code": "PGRST204",
  "details": null,
  "hint": null,
  "message": "Could not find the 'is_hub' column of 'nodes' in the schema cache"
}
Attempting upsert for odpt:Station:Toei.Kudanshita...
Response Status: 400 Bad Request
Error seeding node odpt:Station:Toei.Kudanshita: {
  "code": "PGRST204",
  "details": null,
  "hint": null,
  "message": "Could not find the 'is_hub' column of 'nodes' in the schema cache"
}
Attempting upsert for odpt:Station:Toei.Iwamotocho...
Response Status: 400 Bad Request
Error seeding node odpt:Station:Toei.Iwamotocho: {
  "code": "PGRST204",
  "details": null,
  "hint": null,
  "message": "Could not find the 'is_hub' column of 'nodes' in the schema cache"
}
Attempting upsert for odpt:Station:Toei.Hibiya...
Response Status: 400 Bad Request
Error seeding node odpt:Station:Toei.Hibiya: {
  "code": "PGRST204",
  "details": null,
  "hint": null,
  "message": "Could not find the 'is_hub' column of 'nodes' in the schema cache"
}
Attempting upsert for odpt:Station:Toei.Uchisaiwaicho...
Response Status: 400 Bad Request
Error seeding node odpt:Station:Toei.Uchisaiwaicho: {
  "code": "PGRST204",
  "details": null,
  "hint": null,
  "message": "Could not find the 'is_hub' column of 'nodes' in the schema cache"
}
Attempting upsert for odpt:Station:Toei.Ichigaya...
Response Status: 400 Bad Request
Error seeding node odpt:Station:Toei.Ichigaya: {
  "code": "PGRST204",
  "details": null,
  "hint": null,
  "message": "Could not find the 'is_hub' column of 'nodes' in the schema cache"
}
Seeding L1 Profiles into Nodes (v3.0)...
Updated odpt:Station:TokyoMetro.Ueno with multi-lingual vibe tags.
Updated odpt:Station:JR-East.Akihabara with multi-lingual vibe tags.
Seeding complete.
